<?xml version="1.0" encoding="UTF-8"?>
<!-- Generated by org.testng.reporters.JUnitReportReporter -->
<testsuite hostname="DESKTOP-J7IE0DD" failures="0" tests="2" name="com.qa.api.gorest.tests.GetUserTest" time="6.542" errors="0" timestamp="2023-02-14T14:11:02 IST" skipped="0">
  <testcase classname="com.qa.api.gorest.tests.GetUserTest" name="getAllUserList_API_Test" time="5.386"/>
  <system-out/>
  <testcase classname="com.qa.api.gorest.tests.GetUserTest" name="getUserWithParams_API_Test" time="1.156"/>
  <system-out/>
</testsuite> <!-- com.qa.api.gorest.tests.GetUserTest -->
